<?xml version="1.0" encoding="UTF-8"?>
<testsuite xmlns:xsi="http://www.w3.org/2001/XMLSchema-instance" xsi:noNamespaceSchemaLocation="https://maven.apache.org/surefire/maven-surefire-plugin/xsd/surefire-test-report-3.0.xsd" version="3.0" name="ClinicaOdontologica.ClinicaOdontologicaApplicationTests" time="3.197" tests="1" errors="0" skipped="0" failures="0">
  <properties>
[...]
</properties>
  <testcase name="contextLoads" classname="ClinicaOdontologica.ClinicaOdontologicaApplicationTests" time="0.911">
    <system-out><![CDATA[22:48:34.794 [main] INFO org.springframework.test.context.support.AnnotationConfigContextLoaderUtils -- Could not detect default configuration classes for test class [ClinicaOdontologica.ClinicaOdontologicaApplicationTests]: ClinicaOdontologicaApplicationTests does not declare any static, non-private, non-final, nested classes annotated with @Configuration.
22:48:34.909 [main] INFO org.springframework.boot.test.context.SpringBootTestContextBootstrapper -- Found @SpringBootConfiguration ClinicaOdontologica.ClinicaOdontologicaApplication for test class ClinicaOdontologica.ClinicaOdontologicaApplicationTests
22:48:35.063 [main] INFO org.springframework.boot.devtools.restart.RestartApplicationListener -- Restart disabled due to context in which it is running

  .   ____          _            __ _ _
 /\\ / ___'_ __ _ _(_)_ __  __ _ \ \ \ \
( ( )\___ | '_ | '_| | '_ \/ _` | \ \ \ \
 \\/  ___)| |_)| | | | | || (_| |  ) ) ) )
  '  |____| .__|_| |_|_| |_\__, | / / / /
 =========|_|==============|___/=/_/_/_/
 :: Spring Boot ::                (v3.2.5)

2024-05-22T22:48:35.458-05:00  INFO 4364 --- [ClinicaOdontologica] [           main] C.ClinicaOdontologicaApplicationTests    : Starting ClinicaOdontologicaApplicationTests using Java 22.0.1 with PID 4364 (started by gloria.lopez in C:\Temp3\CertiDev\Repo_Java\Repo Gloria\BackEnd01_ClinicaOdon)
2024-05-22T22:48:35.459-05:00  INFO 4364 --- [ClinicaOdontologica] [           main] C.ClinicaOdontologicaApplicationTests    : No active profile set, falling back to 1 default profile: "default"
2024-05-22T22:48:36.822-05:00  WARN 4364 --- [ClinicaOdontologica] [           main] ion$DefaultTemplateResolverConfiguration : Cannot find template location: classpath:/templates/ (please add some templates, check your Thymeleaf configuration, or set spring.thymeleaf.check-template-location=false)
2024-05-22T22:48:36.881-05:00  INFO 4364 --- [ClinicaOdontologica] [           main] C.ClinicaOdontologicaApplicationTests    : Started ClinicaOdontologicaApplicationTests in 1.83 seconds (process running for 2.894)
]]></system-out>
    <system-err><![CDATA[WARNING: A Java agent has been loaded dynamically (C:\Users\gloria.lopez\.m2\repository\net\bytebuddy\byte-buddy-agent\1.14.13\byte-buddy-agent-1.14.13.jar)
WARNING: If a serviceability tool is in use, please run with -XX:+EnableDynamicAgentLoading to hide this warning
WARNING: If a serviceability tool is not in use, please run with -Djdk.instrument.traceUsage for more information
WARNING: Dynamic loading of agents will be disallowed by default in a future release
]]></system-err>
  </testcase>
</testsuite>